# JRE version: Java(TM) SE Runtime Environment (8.0_211-b12) (build 1.8.0_211-b12)
# Java VM: Java HotSpot(TM) 64-Bit Server VM (25.211-b12 mixed mode linux-amd64 compressed oops)
Heap:
 PSYoungGen      total 227328K, used 160065K [0x00000000f0000000, 0x0000000100000000, 0x0000000100000000)
  eden space 192512K, 65% used [0x00000000f0000000,0x00000000f7a90920,0x00000000fbc00000)
  from space 34816K, 99% used [0x00000000fbc00000,0x00000000fddbfd78,0x00000000fde00000)
  to   space 34816K, 0% used [0x00000000fde00000,0x00000000fde00000,0x0000000100000000)
 ParOldGen       total 524288K, used 82613K [0x00000000d0000000, 0x00000000f0000000, 0x00000000f0000000)
  object space 524288K, 15% used [0x00000000d0000000,0x00000000d50ad638,0x00000000f0000000)
 Metaspace       used 69245K, capacity 73190K, committed 73368K, reserved 1112064K
  class space    used 9205K, capacity 10411K, committed 10416K, reserved 1048576K
GC Heap History (10 events):
Event: 55,083 GC heap before
{Heap before GC invocations=26 (full 3):
 PSYoungGen      total 225792K, used 198177K [0x00000000f0000000, 0x0000000100000000, 0x0000000100000000)
  eden space 188928K, 100% used [0x00000000f0000000,0x00000000fb880000,0x00000000fb880000)
  from space 36864K, 25% used [0x00000000fdc00000,0x00000000fe508500,0x0000000100000000)
  to   space 36352K, 0% used [0x00000000fb880000,0x00000000fb880000,0x00000000fdc00000)
 ParOldGen       total 524288K, used 82573K [0x00000000d0000000, 0x00000000f0000000, 0x00000000f0000000)
  object space 524288K, 15% used [0x00000000d0000000,0x00000000d50a3638,0x00000000f0000000)
 Metaspace       used 64703K, capacity 66882K, committed 66968K, reserved 1107968K
  class space    used 8350K, capacity 9103K, committed 9136K, reserved 1048576K
Event: 55,104 GC heap after
Heap after GC invocations=26 (full 3):
 PSYoungGen      total 225280K, used 14871K [0x00000000f0000000, 0x0000000100000000, 0x0000000100000000)
  eden space 188928K, 0% used [0x00000000f0000000,0x00000000f0000000,0x00000000fb880000)
  from space 36352K, 40% used [0x00000000fb880000,0x00000000fc705e20,0x00000000fdc00000)
  to   space 35328K, 0% used [0x00000000fdd80000,0x00000000fdd80000,0x0000000100000000)
 ParOldGen       total 524288K, used 82581K [0x00000000d0000000, 0x00000000f0000000, 0x00000000f0000000)
  object space 524288K, 15% used [0x00000000d0000000,0x00000000d50a5638,0x00000000f0000000)
 Metaspace       used 64703K, capacity 66882K, committed 66968K, reserved 1107968K
  class space    used 8350K, capacity 9103K, committed 9136K, reserved 1048576K
}
Event: 73,352 GC heap before
{Heap before GC invocations=27 (full 3):
 PSYoungGen      total 225280K, used 203799K [0x00000000f0000000, 0x0000000100000000, 0x0000000100000000)
  eden space 188928K, 100% used [0x00000000f0000000,0x00000000fb880000,0x00000000fb880000)
  from space 36352K, 40% used [0x00000000fb880000,0x00000000fc705e20,0x00000000fdc00000)
  to   space 35328K, 0% used [0x00000000fdd80000,0x00000000fdd80000,0x0000000100000000)
 ParOldGen       total 524288K, used 82581K [0x00000000d0000000, 0x00000000f0000000, 0x00000000f0000000)
  object space 524288K, 15% used [0x00000000d0000000,0x00000000d50a5638,0x00000000f0000000)
 Metaspace       used 65736K, capacity 68320K, committed 68632K, reserved 1107968K
  class space    used 8548K, capacity 9409K, committed 9520K, reserved 1048576K
Event: 73,371 GC heap after
Heap after GC invocations=27 (full 3):
 PSYoungGen      total 228352K, used 18513K [0x00000000f0000000, 0x0000000100000000, 0x0000000100000000)
  eden space 193024K, 0% used [0x00000000f0000000,0x00000000f0000000,0x00000000fbc80000)
  from space 35328K, 52% used [0x00000000fdd80000,0x00000000fef94540,0x0000000100000000)
  to   space 33792K, 0% used [0x00000000fbc80000,0x00000000fbc80000,0x00000000fdd80000)
 ParOldGen       total 524288K, used 82589K [0x00000000d0000000, 0x00000000f0000000, 0x00000000f0000000)
  object space 524288K, 15% used [0x00000000d0000000,0x00000000d50a7638,0x00000000f0000000)
 Metaspace       used 65736K, capacity 68320K, committed 68632K, reserved 1107968K
  class space    used 8548K, capacity 9409K, committed 9520K, reserved 1048576K
}
Event: 88,545 GC heap before
{Heap before GC invocations=28 (full 3):
 PSYoungGen      total 228352K, used 211537K [0x00000000f0000000, 0x0000000100000000, 0x0000000100000000)
  eden space 193024K, 100% used [0x00000000f0000000,0x00000000fbc80000,0x00000000fbc80000)
  from space 35328K, 52% used [0x00000000fdd80000,0x00000000fef94540,0x0000000100000000)
  to   space 33792K, 0% used [0x00000000fbc80000,0x00000000fbc80000,0x00000000fdd80000)
 ParOldGen       total 524288K, used 82589K [0x00000000d0000000, 0x00000000f0000000, 0x00000000f0000000)
  object space 524288K, 15% used [0x00000000d0000000,0x00000000d50a7638,0x00000000f0000000)
 Metaspace       used 66314K, capacity 69254K, committed 69400K, reserved 1110016K
  class space    used 8687K, capacity 9653K, committed 9776K, reserved 1048576K
Event: 88,567 GC heap after
Heap after GC invocations=28 (full 3):
 PSYoungGen      total 226816K, used 21269K [0x00000000f0000000, 0x0000000100000000, 0x0000000100000000)
  eden space 193024K, 0% used [0x00000000f0000000,0x00000000f0000000,0x00000000fbc80000)
  from space 33792K, 62% used [0x00000000fbc80000,0x00000000fd145528,0x00000000fdd80000)
  to   space 33792K, 0% used [0x00000000fdf00000,0x00000000fdf00000,0x0000000100000000)
 ParOldGen       total 524288K, used 82597K [0x00000000d0000000, 0x00000000f0000000, 0x00000000f0000000)
  object space 524288K, 15% used [0x00000000d0000000,0x00000000d50a9638,0x00000000f0000000)
 Metaspace       used 66314K, capacity 69254K, committed 69400K, reserved 1110016K
  class space    used 8687K, capacity 9653K, committed 9776K, reserved 1048576K
}
Event: 168,469 GC heap before
{Heap before GC invocations=29 (full 3):
 PSYoungGen      total 226816K, used 214293K [0x00000000f0000000, 0x0000000100000000, 0x0000000100000000)
  eden space 193024K, 100% used [0x00000000f0000000,0x00000000fbc80000,0x00000000fbc80000)
  from space 33792K, 62% used [0x00000000fbc80000,0x00000000fd145528,0x00000000fdd80000)
  to   space 33792K, 0% used [0x00000000fdf00000,0x00000000fdf00000,0x0000000100000000)
 ParOldGen       total 524288K, used 82597K [0x00000000d0000000, 0x00000000f0000000, 0x00000000f0000000)
  object space 524288K, 15% used [0x00000000d0000000,0x00000000d50a9638,0x00000000f0000000)
 Metaspace       used 67460K, capacity 70986K, committed 71192K, reserved 1110016K
  class space    used 8898K, capacity 9921K, committed 10032K, reserved 1048576K
Event: 168,713 GC heap after
Heap after GC invocations=29 (full 3):
 PSYoungGen      total 226304K, used 26040K [0x00000000f0000000, 0x0000000100000000, 0x0000000100000000)
  eden space 192512K, 0% used [0x00000000f0000000,0x00000000f0000000,0x00000000fbc00000)
  from space 33792K, 77% used [0x00000000fdf00000,0x00000000ff86e290,0x0000000100000000)
  to   space 34816K, 0% used [0x00000000fbc00000,0x00000000fbc00000,0x00000000fde00000)
 ParOldGen       total 524288K, used 82605K [0x00000000d0000000, 0x00000000f0000000, 0x00000000f0000000)
  object space 524288K, 15% used [0x00000000d0000000,0x00000000d50ab638,0x00000000f0000000)
 Metaspace       used 67460K, capacity 70986K, committed 71192K, reserved 1110016K
  class space    used 8898K, capacity 9921K, committed 10032K, reserved 1048576K
}
Event: 186,059 GC heap before
{Heap before GC invocations=30 (full 3):
 PSYoungGen      total 226304K, used 218552K [0x00000000f0000000, 0x0000000100000000, 0x0000000100000000)
  eden space 192512K, 100% used [0x00000000f0000000,0x00000000fbc00000,0x00000000fbc00000)
  from space 33792K, 77% used [0x00000000fdf00000,0x00000000ff86e290,0x0000000100000000)
  to   space 34816K, 0% used [0x00000000fbc00000,0x00000000fbc00000,0x00000000fde00000)
 ParOldGen       total 524288K, used 82605K [0x00000000d0000000, 0x00000000f0000000, 0x00000000f0000000)
  object space 524288K, 15% used [0x00000000d0000000,0x00000000d50ab638,0x00000000f0000000)
 Metaspace       used 68695K, capacity 72522K, committed 72728K, reserved 1112064K
  class space    used 9083K, capacity 10226K, committed 10288K, reserved 1048576K
Event: 186,131 GC heap after
Heap after GC invocations=30 (full 3):
 PSYoungGen      total 227328K, used 34559K [0x00000000f0000000, 0x0000000100000000, 0x0000000100000000)
  eden space 192512K, 0% used [0x00000000f0000000,0x00000000f0000000,0x00000000fbc00000)
  from space 34816K, 99% used [0x00000000fbc00000,0x00000000fddbfd78,0x00000000fde00000)
  to   space 34816K, 0% used [0x00000000fde00000,0x00000000fde00000,0x0000000100000000)
 ParOldGen       total 524288K, used 82613K [0x00000000d0000000, 0x00000000f0000000, 0x00000000f0000000)
  object space 524288K, 15% used [0x00000000d0000000,0x00000000d50ad638,0x00000000f0000000)
 Metaspace       used 68695K, capacity 72522K, committed 72728K, reserved 1112064K
  class space    used 9083K, capacity 10226K, committed 10288K, reserved 1048576K
}

