# JRE version: Java(TM) SE Runtime Environment (8.0_211-b12) (build 1.8.0_211-b12)
# Java VM: Java HotSpot(TM) 64-Bit Server VM (25.211-b12 mixed mode linux-amd64 compressed oops)
Heap:
 PSYoungGen      total 220160K, used 72154K [0x00000000f0000000, 0x0000000100000000, 0x0000000100000000)
  eden space 180736K, 23% used [0x00000000f0000000,0x00000000f29f03a8,0x00000000fb080000)
  from space 39424K, 74% used [0x00000000fb080000,0x00000000fcd06460,0x00000000fd700000)
  to   space 41472K, 0% used [0x00000000fd780000,0x00000000fd780000,0x0000000100000000)
 ParOldGen       total 524288K, used 85008K [0x00000000d0000000, 0x00000000f0000000, 0x00000000f0000000)
  object space 524288K, 16% used [0x00000000d0000000,0x00000000d53040a0,0x00000000f0000000)
 Metaspace       used 67546K, capacity 70386K, committed 70656K, reserved 1110016K
  class space    used 8719K, capacity 9649K, committed 9728K, reserved 1048576K
GC Heap History (10 events):
Event: 26,084 GC heap before
{Heap before GC invocations=24 (full 3):
 PSYoungGen      total 219136K, used 174592K [0x00000000f0000000, 0x0000000100000000, 0x0000000100000000)
  eden space 174592K, 100% used [0x00000000f0000000,0x00000000faa80000,0x00000000faa80000)
  from space 44544K, 0% used [0x00000000fd480000,0x00000000fd480000,0x0000000100000000)
  to   space 43008K, 0% used [0x00000000faa80000,0x00000000faa80000,0x00000000fd480000)
 ParOldGen       total 524288K, used 84976K [0x00000000d0000000, 0x00000000f0000000, 0x00000000f0000000)
  object space 524288K, 16% used [0x00000000d0000000,0x00000000d52fc0a0,0x00000000f0000000)
 Metaspace       used 61347K, capacity 62530K, committed 62848K, reserved 1103872K
  class space    used 7650K, capacity 7938K, committed 8064K, reserved 1048576K
Event: 26,089 GC heap after
Heap after GC invocations=24 (full 3):
 PSYoungGen      total 217600K, used 5672K [0x00000000f0000000, 0x0000000100000000, 0x0000000100000000)
  eden space 174592K, 0% used [0x00000000f0000000,0x00000000f0000000,0x00000000faa80000)
  from space 43008K, 13% used [0x00000000faa80000,0x00000000fb00a0a0,0x00000000fd480000)
  to   space 43520K, 0% used [0x00000000fd580000,0x00000000fd580000,0x0000000100000000)
 ParOldGen       total 524288K, used 84984K [0x00000000d0000000, 0x00000000f0000000, 0x00000000f0000000)
  object space 524288K, 16% used [0x00000000d0000000,0x00000000d52fe0a0,0x00000000f0000000)
 Metaspace       used 61347K, capacity 62530K, committed 62848K, reserved 1103872K
  class space    used 7650K, capacity 7938K, committed 8064K, reserved 1048576K
}
Event: 27,338 GC heap before
{Heap before GC invocations=25 (full 3):
 PSYoungGen      total 217600K, used 180264K [0x00000000f0000000, 0x0000000100000000, 0x0000000100000000)
  eden space 174592K, 100% used [0x00000000f0000000,0x00000000faa80000,0x00000000faa80000)
  from space 43008K, 13% used [0x00000000faa80000,0x00000000fb00a0a0,0x00000000fd480000)
  to   space 43520K, 0% used [0x00000000fd580000,0x00000000fd580000,0x0000000100000000)
 ParOldGen       total 524288K, used 84984K [0x00000000d0000000, 0x00000000f0000000, 0x00000000f0000000)
  object space 524288K, 16% used [0x00000000d0000000,0x00000000d52fe0a0,0x00000000f0000000)
 Metaspace       used 62969K, capacity 64300K, committed 64640K, reserved 1105920K
  class space    used 7875K, capacity 8215K, committed 8320K, reserved 1048576K
Event: 27,348 GC heap after
Heap after GC invocations=25 (full 3):
 PSYoungGen      total 219136K, used 10072K [0x00000000f0000000, 0x0000000100000000, 0x0000000100000000)
  eden space 175616K, 0% used [0x00000000f0000000,0x00000000f0000000,0x00000000fab80000)
  from space 43520K, 23% used [0x00000000fd580000,0x00000000fdf56180,0x0000000100000000)
  to   space 43008K, 0% used [0x00000000fab80000,0x00000000fab80000,0x00000000fd580000)
 ParOldGen       total 524288K, used 84984K [0x00000000d0000000, 0x00000000f0000000, 0x00000000f0000000)
  object space 524288K, 16% used [0x00000000d0000000,0x00000000d52fe0a0,0x00000000f0000000)
 Metaspace       used 62969K, capacity 64300K, committed 64640K, reserved 1105920K
  class space    used 7875K, capacity 8215K, committed 8320K, reserved 1048576K
}
Event: 28,502 GC heap before
{Heap before GC invocations=26 (full 3):
 PSYoungGen      total 219136K, used 185688K [0x00000000f0000000, 0x0000000100000000, 0x0000000100000000)
  eden space 175616K, 100% used [0x00000000f0000000,0x00000000fab80000,0x00000000fab80000)
  from space 43520K, 23% used [0x00000000fd580000,0x00000000fdf56180,0x0000000100000000)
  to   space 43008K, 0% used [0x00000000fab80000,0x00000000fab80000,0x00000000fd580000)
 ParOldGen       total 524288K, used 84984K [0x00000000d0000000, 0x00000000f0000000, 0x00000000f0000000)
  object space 524288K, 16% used [0x00000000d0000000,0x00000000d52fe0a0,0x00000000f0000000)
 Metaspace       used 64373K, capacity 66128K, committed 66432K, reserved 1107968K
  class space    used 8170K, capacity 8712K, committed 8832K, reserved 1048576K
Event: 28,515 GC heap after
Heap after GC invocations=26 (full 3):
 PSYoungGen      total 218624K, used 14273K [0x00000000f0000000, 0x0000000100000000, 0x0000000100000000)
  eden space 175616K, 0% used [0x00000000f0000000,0x00000000f0000000,0x00000000fab80000)
  from space 43008K, 33% used [0x00000000fab80000,0x00000000fb970448,0x00000000fd580000)
  to   space 41984K, 0% used [0x00000000fd700000,0x00000000fd700000,0x0000000100000000)
 ParOldGen       total 524288K, used 84992K [0x00000000d0000000, 0x00000000f0000000, 0x00000000f0000000)
  object space 524288K, 16% used [0x00000000d0000000,0x00000000d53000a0,0x00000000f0000000)
 Metaspace       used 64373K, capacity 66128K, committed 66432K, reserved 1107968K
  class space    used 8170K, capacity 8712K, committed 8832K, reserved 1048576K
}
Event: 32,305 GC heap before
{Heap before GC invocations=27 (full 3):
 PSYoungGen      total 218624K, used 189889K [0x00000000f0000000, 0x0000000100000000, 0x0000000100000000)
  eden space 175616K, 100% used [0x00000000f0000000,0x00000000fab80000,0x00000000fab80000)
  from space 43008K, 33% used [0x00000000fab80000,0x00000000fb970448,0x00000000fd580000)
  to   space 41984K, 0% used [0x00000000fd700000,0x00000000fd700000,0x0000000100000000)
 ParOldGen       total 524288K, used 84992K [0x00000000d0000000, 0x00000000f0000000, 0x00000000f0000000)
  object space 524288K, 16% used [0x00000000d0000000,0x00000000d53000a0,0x00000000f0000000)
 Metaspace       used 65764K, capacity 68248K, committed 68480K, reserved 1107968K
  class space    used 8469K, capacity 9298K, committed 9344K, reserved 1048576K
Event: 32,354 GC heap after
Heap after GC invocations=27 (full 3):
 PSYoungGen      total 222720K, used 18239K [0x00000000f0000000, 0x0000000100000000, 0x0000000100000000)
  eden space 180736K, 0% used [0x00000000f0000000,0x00000000f0000000,0x00000000fb080000)
  from space 41984K, 43% used [0x00000000fd700000,0x00000000fe8cfd28,0x0000000100000000)
  to   space 39424K, 0% used [0x00000000fb080000,0x00000000fb080000,0x00000000fd700000)
 ParOldGen       total 524288K, used 85000K [0x00000000d0000000, 0x00000000f0000000, 0x00000000f0000000)
  object space 524288K, 16% used [0x00000000d0000000,0x00000000d53020a0,0x00000000f0000000)
 Metaspace       used 65764K, capacity 68248K, committed 68480K, reserved 1107968K
  class space    used 8469K, capacity 9298K, committed 9344K, reserved 1048576K
}
Event: 56,744 GC heap before
{Heap before GC invocations=28 (full 3):
 PSYoungGen      total 222720K, used 198975K [0x00000000f0000000, 0x0000000100000000, 0x0000000100000000)
  eden space 180736K, 100% used [0x00000000f0000000,0x00000000fb080000,0x00000000fb080000)
  from space 41984K, 43% used [0x00000000fd700000,0x00000000fe8cfd28,0x0000000100000000)
  to   space 39424K, 0% used [0x00000000fb080000,0x00000000fb080000,0x00000000fd700000)
 ParOldGen       total 524288K, used 85000K [0x00000000d0000000, 0x00000000f0000000, 0x00000000f0000000)
  object space 524288K, 16% used [0x00000000d0000000,0x00000000d53020a0,0x00000000f0000000)
 Metaspace       used 67404K, capacity 70116K, committed 70400K, reserved 1110016K
  class space    used 8685K, capacity 9608K, committed 9728K, reserved 1048576K
Event: 56,765 GC heap after
Heap after GC invocations=28 (full 3):
 PSYoungGen      total 220160K, used 29209K [0x00000000f0000000, 0x0000000100000000, 0x0000000100000000)
  eden space 180736K, 0% used [0x00000000f0000000,0x00000000f0000000,0x00000000fb080000)
  from space 39424K, 74% used [0x00000000fb080000,0x00000000fcd06460,0x00000000fd700000)
  to   space 41472K, 0% used [0x00000000fd780000,0x00000000fd780000,0x0000000100000000)
 ParOldGen       total 524288K, used 85008K [0x00000000d0000000, 0x00000000f0000000, 0x00000000f0000000)
  object space 524288K, 16% used [0x00000000d0000000,0x00000000d53040a0,0x00000000f0000000)
 Metaspace       used 67404K, capacity 70116K, committed 70400K, reserved 1110016K
  class space    used 8685K, capacity 9608K, committed 9728K, reserved 1048576K
}

