# JRE version: Java(TM) SE Runtime Environment (8.0_211-b12) (build 1.8.0_211-b12)
# Java VM: Java HotSpot(TM) 64-Bit Server VM (25.211-b12 mixed mode linux-amd64 compressed oops)
Heap:
 PSYoungGen      total 221696K, used 94876K [0x00000000f0000000, 0x0000000100000000, 0x0000000100000000)
  eden space 188416K, 34% used [0x00000000f0000000,0x00000000f3f02058,0x00000000fb800000)
  from space 33280K, 91% used [0x00000000fdf80000,0x00000000ffd25388,0x0000000100000000)
  to   space 36864K, 0% used [0x00000000fb800000,0x00000000fb800000,0x00000000fdc00000)
 ParOldGen       total 524288K, used 81949K [0x00000000d0000000, 0x00000000f0000000, 0x00000000f0000000)
  object space 524288K, 15% used [0x00000000d0000000,0x00000000d5007618,0x00000000f0000000)
 Metaspace       used 67758K, capacity 71002K, committed 71296K, reserved 1110016K
  class space    used 8787K, capacity 9745K, committed 9856K, reserved 1048576K
GC Heap History (10 events):
Event: 31,065 GC heap before
{Heap before GC invocations=23 (full 3):
 PSYoungGen      total 223744K, used 185344K [0x00000000f0000000, 0x0000000100000000, 0x0000000100000000)
  eden space 185344K, 100% used [0x00000000f0000000,0x00000000fb500000,0x00000000fb500000)
  from space 38400K, 0% used [0x00000000fb500000,0x00000000fb500000,0x00000000fda80000)
  to   space 36352K, 0% used [0x00000000fdc80000,0x00000000fdc80000,0x0000000100000000)
 ParOldGen       total 524288K, used 81909K [0x00000000d0000000, 0x00000000f0000000, 0x00000000f0000000)
  object space 524288K, 15% used [0x00000000d0000000,0x00000000d4ffd618,0x00000000f0000000)
 Metaspace       used 61358K, capacity 62490K, committed 62592K, reserved 1103872K
  class space    used 7710K, capacity 7994K, committed 8064K, reserved 1048576K
Event: 31,072 GC heap after
Heap after GC invocations=23 (full 3):
 PSYoungGen      total 224768K, used 6393K [0x00000000f0000000, 0x0000000100000000, 0x0000000100000000)
  eden space 188416K, 0% used [0x00000000f0000000,0x00000000f0000000,0x00000000fb800000)
  from space 36352K, 17% used [0x00000000fdc80000,0x00000000fe2be7b8,0x0000000100000000)
  to   space 36864K, 0% used [0x00000000fb800000,0x00000000fb800000,0x00000000fdc00000)
 ParOldGen       total 524288K, used 81917K [0x00000000d0000000, 0x00000000f0000000, 0x00000000f0000000)
  object space 524288K, 15% used [0x00000000d0000000,0x00000000d4fff618,0x00000000f0000000)
 Metaspace       used 61358K, capacity 62490K, committed 62592K, reserved 1103872K
  class space    used 7710K, capacity 7994K, committed 8064K, reserved 1048576K
}
Event: 32,266 GC heap before
{Heap before GC invocations=24 (full 3):
 PSYoungGen      total 224768K, used 194809K [0x00000000f0000000, 0x0000000100000000, 0x0000000100000000)
  eden space 188416K, 100% used [0x00000000f0000000,0x00000000fb800000,0x00000000fb800000)
  from space 36352K, 17% used [0x00000000fdc80000,0x00000000fe2be7b8,0x0000000100000000)
  to   space 36864K, 0% used [0x00000000fb800000,0x00000000fb800000,0x00000000fdc00000)
 ParOldGen       total 524288K, used 81917K [0x00000000d0000000, 0x00000000f0000000, 0x00000000f0000000)
  object space 524288K, 15% used [0x00000000d0000000,0x00000000d4fff618,0x00000000f0000000)
 Metaspace       used 62670K, capacity 64128K, committed 64256K, reserved 1105920K
  class space    used 7942K, capacity 8389K, committed 8448K, reserved 1048576K
Event: 32,274 GC heap after
Heap after GC invocations=24 (full 3):
 PSYoungGen      total 225280K, used 9201K [0x00000000f0000000, 0x0000000100000000, 0x0000000100000000)
  eden space 188416K, 0% used [0x00000000f0000000,0x00000000f0000000,0x00000000fb800000)
  from space 36864K, 24% used [0x00000000fb800000,0x00000000fc0fc510,0x00000000fdc00000)
  to   space 36352K, 0% used [0x00000000fdc80000,0x00000000fdc80000,0x0000000100000000)
 ParOldGen       total 524288K, used 81925K [0x00000000d0000000, 0x00000000f0000000, 0x00000000f0000000)
  object space 524288K, 15% used [0x00000000d0000000,0x00000000d5001618,0x00000000f0000000)
 Metaspace       used 62670K, capacity 64128K, committed 64256K, reserved 1105920K
  class space    used 7942K, capacity 8389K, committed 8448K, reserved 1048576K
}
Event: 53,953 GC heap before
{Heap before GC invocations=25 (full 3):
 PSYoungGen      total 225280K, used 197617K [0x00000000f0000000, 0x0000000100000000, 0x0000000100000000)
  eden space 188416K, 100% used [0x00000000f0000000,0x00000000fb800000,0x00000000fb800000)
  from space 36864K, 24% used [0x00000000fb800000,0x00000000fc0fc510,0x00000000fdc00000)
  to   space 36352K, 0% used [0x00000000fdc80000,0x00000000fdc80000,0x0000000100000000)
 ParOldGen       total 524288K, used 81925K [0x00000000d0000000, 0x00000000f0000000, 0x00000000f0000000)
  object space 524288K, 15% used [0x00000000d0000000,0x00000000d5001618,0x00000000f0000000)
 Metaspace       used 64134K, capacity 66252K, committed 66432K, reserved 1105920K
  class space    used 8264K, capacity 9002K, committed 9088K, reserved 1048576K
Event: 53,968 GC heap after
Heap after GC invocations=25 (full 3):
 PSYoungGen      total 227328K, used 13439K [0x00000000f0000000, 0x0000000100000000, 0x0000000100000000)
  eden space 190976K, 0% used [0x00000000f0000000,0x00000000f0000000,0x00000000fba80000)
  from space 36352K, 36% used [0x00000000fdc80000,0x00000000fe99fd00,0x0000000100000000)
  to   space 34816K, 0% used [0x00000000fba80000,0x00000000fba80000,0x00000000fdc80000)
 ParOldGen       total 524288K, used 81933K [0x00000000d0000000, 0x00000000f0000000, 0x00000000f0000000)
  object space 524288K, 15% used [0x00000000d0000000,0x00000000d5003618,0x00000000f0000000)
 Metaspace       used 64134K, capacity 66252K, committed 66432K, reserved 1105920K
  class space    used 8264K, capacity 9002K, committed 9088K, reserved 1048576K
}
Event: 161,233 GC heap before
{Heap before GC invocations=26 (full 3):
 PSYoungGen      total 227328K, used 204415K [0x00000000f0000000, 0x0000000100000000, 0x0000000100000000)
  eden space 190976K, 100% used [0x00000000f0000000,0x00000000fba80000,0x00000000fba80000)
  from space 36352K, 36% used [0x00000000fdc80000,0x00000000fe99fd00,0x0000000100000000)
  to   space 34816K, 0% used [0x00000000fba80000,0x00000000fba80000,0x00000000fdc80000)
 ParOldGen       total 524288K, used 81933K [0x00000000d0000000, 0x00000000f0000000, 0x00000000f0000000)
  object space 524288K, 15% used [0x00000000d0000000,0x00000000d5003618,0x00000000f0000000)
 Metaspace       used 65126K, capacity 67658K, committed 67968K, reserved 1107968K
  class space    used 8445K, capacity 9289K, committed 9344K, reserved 1048576K
Event: 161,247 GC heap after
Heap after GC invocations=26 (full 3):
 PSYoungGen      total 225792K, used 17221K [0x00000000f0000000, 0x0000000100000000, 0x0000000100000000)
  eden space 190976K, 0% used [0x00000000f0000000,0x00000000f0000000,0x00000000fba80000)
  from space 34816K, 49% used [0x00000000fba80000,0x00000000fcb51740,0x00000000fdc80000)
  to   space 33280K, 0% used [0x00000000fdf80000,0x00000000fdf80000,0x0000000100000000)
 ParOldGen       total 524288K, used 81941K [0x00000000d0000000, 0x00000000f0000000, 0x00000000f0000000)
  object space 524288K, 15% used [0x00000000d0000000,0x00000000d5005618,0x00000000f0000000)
 Metaspace       used 65126K, capacity 67658K, committed 67968K, reserved 1107968K
  class space    used 8445K, capacity 9289K, committed 9344K, reserved 1048576K
}
Event: 190,167 GC heap before
{Heap before GC invocations=27 (full 3):
 PSYoungGen      total 225792K, used 208197K [0x00000000f0000000, 0x0000000100000000, 0x0000000100000000)
  eden space 190976K, 100% used [0x00000000f0000000,0x00000000fba80000,0x00000000fba80000)
  from space 34816K, 49% used [0x00000000fba80000,0x00000000fcb51740,0x00000000fdc80000)
  to   space 33280K, 0% used [0x00000000fdf80000,0x00000000fdf80000,0x0000000100000000)
 ParOldGen       total 524288K, used 81941K [0x00000000d0000000, 0x00000000f0000000, 0x00000000f0000000)
  object space 524288K, 15% used [0x00000000d0000000,0x00000000d5005618,0x00000000f0000000)
 Metaspace       used 66952K, capacity 70102K, committed 70144K, reserved 1110016K
  class space    used 8744K, capacity 9695K, committed 9728K, reserved 1048576K
Event: 190,187 GC heap after
Heap after GC invocations=27 (full 3):
 PSYoungGen      total 221696K, used 30356K [0x00000000f0000000, 0x0000000100000000, 0x0000000100000000)
  eden space 188416K, 0% used [0x00000000f0000000,0x00000000f0000000,0x00000000fb800000)
  from space 33280K, 91% used [0x00000000fdf80000,0x00000000ffd25388,0x0000000100000000)
  to   space 36864K, 0% used [0x00000000fb800000,0x00000000fb800000,0x00000000fdc00000)
 ParOldGen       total 524288K, used 81949K [0x00000000d0000000, 0x00000000f0000000, 0x00000000f0000000)
  object space 524288K, 15% used [0x00000000d0000000,0x00000000d5007618,0x00000000f0000000)
 Metaspace       used 66952K, capacity 70102K, committed 70144K, reserved 1110016K
  class space    used 8744K, capacity 9695K, committed 9728K, reserved 1048576K
}

