# JRE version: Java(TM) SE Runtime Environment (8.0_211-b12) (build 1.8.0_211-b12)
# Java VM: Java HotSpot(TM) 64-Bit Server VM (25.211-b12 mixed mode linux-amd64 compressed oops)
Heap:
 PSYoungGen      total 206336K, used 73148K [0x00000000f0000000, 0x0000000100000000, 0x0000000100000000)
  eden space 174080K, 23% used [0x00000000f0000000,0x00000000f282ba10,0x00000000faa00000)
  from space 32256K, 99% used [0x00000000faa00000,0x00000000fc9437f0,0x00000000fc980000)
  to   space 45568K, 0% used [0x00000000fd380000,0x00000000fd380000,0x0000000100000000)
 ParOldGen       total 524288K, used 81721K [0x00000000d0000000, 0x00000000f0000000, 0x00000000f0000000)
  object space 524288K, 15% used [0x00000000d0000000,0x00000000d4fce758,0x00000000f0000000)
 Metaspace       used 67582K, capacity 71018K, committed 71296K, reserved 1110016K
  class space    used 8848K, capacity 9815K, committed 9856K, reserved 1048576K
GC Heap History (10 events):
Event: 28,059 GC heap before
{Heap before GC invocations=26 (full 3):
 PSYoungGen      total 210432K, used 166018K [0x00000000f0000000, 0x0000000100000000, 0x0000000100000000)
  eden space 158208K, 100% used [0x00000000f0000000,0x00000000f9a80000,0x00000000f9a80000)
  from space 52224K, 14% used [0x00000000fcd00000,0x00000000fd4a08a0,0x0000000100000000)
  to   space 51712K, 0% used [0x00000000f9a80000,0x00000000f9a80000,0x00000000fcd00000)
 ParOldGen       total 524288K, used 81681K [0x00000000d0000000, 0x00000000f0000000, 0x00000000f0000000)
  object space 524288K, 15% used [0x00000000d0000000,0x00000000d4fc4758,0x00000000f0000000)
 Metaspace       used 63525K, capacity 65168K, committed 65536K, reserved 1105920K
  class space    used 8103K, capacity 8587K, committed 8704K, reserved 1048576K
Event: 28,082 GC heap after
Heap after GC invocations=26 (full 3):
 PSYoungGen      total 209920K, used 11221K [0x00000000f0000000, 0x0000000100000000, 0x0000000100000000)
  eden space 158208K, 0% used [0x00000000f0000000,0x00000000f0000000,0x00000000f9a80000)
  from space 51712K, 21% used [0x00000000f9a80000,0x00000000fa575580,0x00000000fcd00000)
  to   space 50176K, 0% used [0x00000000fcf00000,0x00000000fcf00000,0x0000000100000000)
 ParOldGen       total 524288K, used 81689K [0x00000000d0000000, 0x00000000f0000000, 0x00000000f0000000)
  object space 524288K, 15% used [0x00000000d0000000,0x00000000d4fc6758,0x00000000f0000000)
 Metaspace       used 63525K, capacity 65168K, committed 65536K, reserved 1105920K
  class space    used 8103K, capacity 8587K, committed 8704K, reserved 1048576K
}
Event: 33,960 GC heap before
{Heap before GC invocations=27 (full 3):
 PSYoungGen      total 209920K, used 169429K [0x00000000f0000000, 0x0000000100000000, 0x0000000100000000)
  eden space 158208K, 100% used [0x00000000f0000000,0x00000000f9a80000,0x00000000f9a80000)
  from space 51712K, 21% used [0x00000000f9a80000,0x00000000fa575580,0x00000000fcd00000)
  to   space 50176K, 0% used [0x00000000fcf00000,0x00000000fcf00000,0x0000000100000000)
 ParOldGen       total 524288K, used 81689K [0x00000000d0000000, 0x00000000f0000000, 0x00000000f0000000)
  object space 524288K, 15% used [0x00000000d0000000,0x00000000d4fc6758,0x00000000f0000000)
 Metaspace       used 64825K, capacity 66926K, committed 67072K, reserved 1107968K
  class space    used 8365K, capacity 9091K, committed 9216K, reserved 1048576K
Event: 33,972 GC heap after
Heap after GC invocations=27 (full 3):
 PSYoungGen      total 214528K, used 17013K [0x00000000f0000000, 0x0000000100000000, 0x0000000100000000)
  eden space 164352K, 0% used [0x00000000f0000000,0x00000000f0000000,0x00000000fa080000)
  from space 50176K, 33% used [0x00000000fcf00000,0x00000000fdf9d7b0,0x0000000100000000)
  to   space 47616K, 0% used [0x00000000fa080000,0x00000000fa080000,0x00000000fcf00000)
 ParOldGen       total 524288K, used 81697K [0x00000000d0000000, 0x00000000f0000000, 0x00000000f0000000)
  object space 524288K, 15% used [0x00000000d0000000,0x00000000d4fc8758,0x00000000f0000000)
 Metaspace       used 64825K, capacity 66926K, committed 67072K, reserved 1107968K
  class space    used 8365K, capacity 9091K, committed 9216K, reserved 1048576K
}
Event: 52,164 GC heap before
{Heap before GC invocations=28 (full 3):
 PSYoungGen      total 214528K, used 181365K [0x00000000f0000000, 0x0000000100000000, 0x0000000100000000)
  eden space 164352K, 100% used [0x00000000f0000000,0x00000000fa080000,0x00000000fa080000)
  from space 50176K, 33% used [0x00000000fcf00000,0x00000000fdf9d7b0,0x0000000100000000)
  to   space 47616K, 0% used [0x00000000fa080000,0x00000000fa080000,0x00000000fcf00000)
 ParOldGen       total 524288K, used 81697K [0x00000000d0000000, 0x00000000f0000000, 0x00000000f0000000)
  object space 524288K, 15% used [0x00000000d0000000,0x00000000d4fc8758,0x00000000f0000000)
 Metaspace       used 65514K, capacity 68206K, committed 68352K, reserved 1107968K
  class space    used 8537K, capacity 9385K, committed 9472K, reserved 1048576K
Event: 52,179 GC heap after
Heap after GC invocations=28 (full 3):
 PSYoungGen      total 211968K, used 19912K [0x00000000f0000000, 0x0000000100000000, 0x0000000100000000)
  eden space 164352K, 0% used [0x00000000f0000000,0x00000000f0000000,0x00000000fa080000)
  from space 47616K, 41% used [0x00000000fa080000,0x00000000fb3f2148,0x00000000fcf00000)
  to   space 45056K, 0% used [0x00000000fd400000,0x00000000fd400000,0x0000000100000000)
 ParOldGen       total 524288K, used 81705K [0x00000000d0000000, 0x00000000f0000000, 0x00000000f0000000)
  object space 524288K, 15% used [0x00000000d0000000,0x00000000d4fca758,0x00000000f0000000)
 Metaspace       used 65514K, capacity 68206K, committed 68352K, reserved 1107968K
  class space    used 8537K, capacity 9385K, committed 9472K, reserved 1048576K
}
Event: 59,110 GC heap before
{Heap before GC invocations=29 (full 3):
 PSYoungGen      total 211968K, used 184264K [0x00000000f0000000, 0x0000000100000000, 0x0000000100000000)
  eden space 164352K, 100% used [0x00000000f0000000,0x00000000fa080000,0x00000000fa080000)
  from space 47616K, 41% used [0x00000000fa080000,0x00000000fb3f2148,0x00000000fcf00000)
  to   space 45056K, 0% used [0x00000000fd400000,0x00000000fd400000,0x0000000100000000)
 ParOldGen       total 524288K, used 81705K [0x00000000d0000000, 0x00000000f0000000, 0x00000000f0000000)
  object space 524288K, 15% used [0x00000000d0000000,0x00000000d4fca758,0x00000000f0000000)
 Metaspace       used 66065K, capacity 69274K, committed 69632K, reserved 1110016K
  class space    used 8660K, capacity 9615K, committed 9728K, reserved 1048576K
Event: 59,124 GC heap after
Heap after GC invocations=29 (full 3):
 PSYoungGen      total 219136K, used 21639K [0x00000000f0000000, 0x0000000100000000, 0x0000000100000000)
  eden space 174080K, 0% used [0x00000000f0000000,0x00000000f0000000,0x00000000faa00000)
  from space 45056K, 48% used [0x00000000fd400000,0x00000000fe921f28,0x0000000100000000)
  to   space 43008K, 0% used [0x00000000faa00000,0x00000000faa00000,0x00000000fd400000)
 ParOldGen       total 524288K, used 81713K [0x00000000d0000000, 0x00000000f0000000, 0x00000000f0000000)
  object space 524288K, 15% used [0x00000000d0000000,0x00000000d4fcc758,0x00000000f0000000)
 Metaspace       used 66065K, capacity 69274K, committed 69632K, reserved 1110016K
  class space    used 8660K, capacity 9615K, committed 9728K, reserved 1048576K
}
Event: 105,525 GC heap before
{Heap before GC invocations=30 (full 3):
 PSYoungGen      total 219136K, used 195702K [0x00000000f0000000, 0x0000000100000000, 0x0000000100000000)
  eden space 174080K, 99% used [0x00000000f0000000,0x00000000fa9fbaf8,0x00000000faa00000)
  from space 45056K, 48% used [0x00000000fd400000,0x00000000fe921f28,0x0000000100000000)
  to   space 43008K, 0% used [0x00000000faa00000,0x00000000faa00000,0x00000000fd400000)
 ParOldGen       total 524288K, used 81713K [0x00000000d0000000, 0x00000000f0000000, 0x00000000f0000000)
  object space 524288K, 15% used [0x00000000d0000000,0x00000000d4fcc758,0x00000000f0000000)
 Metaspace       used 67546K, capacity 70946K, committed 71040K, reserved 1110016K
  class space    used 8840K, capacity 9803K, committed 9856K, reserved 1048576K
Event: 105,563 GC heap after
Heap after GC invocations=30 (full 3):
 PSYoungGen      total 206336K, used 32013K [0x00000000f0000000, 0x0000000100000000, 0x0000000100000000)
  eden space 174080K, 0% used [0x00000000f0000000,0x00000000f0000000,0x00000000faa00000)
  from space 32256K, 99% used [0x00000000faa00000,0x00000000fc9437f0,0x00000000fc980000)
  to   space 45568K, 0% used [0x00000000fd380000,0x00000000fd380000,0x0000000100000000)
 ParOldGen       total 524288K, used 81721K [0x00000000d0000000, 0x00000000f0000000, 0x00000000f0000000)
  object space 524288K, 15% used [0x00000000d0000000,0x00000000d4fce758,0x00000000f0000000)
 Metaspace       used 67546K, capacity 70946K, committed 71040K, reserved 1110016K
  class space    used 8840K, capacity 9803K, committed 9856K, reserved 1048576K
}

