# JRE version: Java(TM) SE Runtime Environment (8.0_211-b12) (build 1.8.0_211-b12)
# Java VM: Java HotSpot(TM) 64-Bit Server VM (25.211-b12 mixed mode linux-amd64 compressed oops)
Heap:
 PSYoungGen      total 198144K, used 97969K [0x00000000f0000000, 0x0000000100000000, 0x0000000100000000)
  eden space 162816K, 38% used [0x00000000f0000000,0x00000000f3d6aec8,0x00000000f9f00000)
  from space 35328K, 99% used [0x00000000f9f00000,0x00000000fc141860,0x00000000fc180000)
  to   space 51200K, 0% used [0x00000000fce00000,0x00000000fce00000,0x0000000100000000)
 ParOldGen       total 524288K, used 84985K [0x00000000d0000000, 0x00000000f0000000, 0x00000000f0000000)
  object space 524288K, 16% used [0x00000000d0000000,0x00000000d52fe740,0x00000000f0000000)
 Metaspace       used 69540K, capacity 73212K, committed 73472K, reserved 1112064K
  class space    used 9016K, capacity 10151K, committed 10240K, reserved 1048576K
GC Heap History (10 events):
Event: 216,567 GC heap before
{Heap before GC invocations=28 (full 3):
 PSYoungGen      total 216064K, used 185491K [0x00000000f0000000, 0x0000000100000000, 0x0000000100000000)
  eden space 167936K, 100% used [0x00000000f0000000,0x00000000fa400000,0x00000000fa400000)
  from space 48128K, 36% used [0x00000000fd100000,0x00000000fe224cf0,0x0000000100000000)
  to   space 46080K, 0% used [0x00000000fa400000,0x00000000fa400000,0x00000000fd100000)
 ParOldGen       total 524288K, used 84945K [0x00000000d0000000, 0x00000000f0000000, 0x00000000f0000000)
  object space 524288K, 16% used [0x00000000d0000000,0x00000000d52f4740,0x00000000f0000000)
 Metaspace       used 67309K, capacity 69962K, committed 70016K, reserved 1110016K
  class space    used 8643K, capacity 9557K, committed 9600K, reserved 1048576K
Event: 216,603 GC heap after
Heap after GC invocations=28 (full 3):
 PSYoungGen      total 214016K, used 28834K [0x00000000f0000000, 0x0000000100000000, 0x0000000100000000)
  eden space 167936K, 0% used [0x00000000f0000000,0x00000000f0000000,0x00000000fa400000)
  from space 46080K, 62% used [0x00000000fa400000,0x00000000fc028978,0x00000000fd100000)
  to   space 46592K, 0% used [0x00000000fd280000,0x00000000fd280000,0x0000000100000000)
 ParOldGen       total 524288K, used 84953K [0x00000000d0000000, 0x00000000f0000000, 0x00000000f0000000)
  object space 524288K, 16% used [0x00000000d0000000,0x00000000d52f6740,0x00000000f0000000)
 Metaspace       used 67309K, capacity 69962K, committed 70016K, reserved 1110016K
  class space    used 8643K, capacity 9557K, committed 9600K, reserved 1048576K
}
Event: 254,094 GC heap before
{Heap before GC invocations=29 (full 3):
 PSYoungGen      total 214016K, used 196770K [0x00000000f0000000, 0x0000000100000000, 0x0000000100000000)
  eden space 167936K, 100% used [0x00000000f0000000,0x00000000fa400000,0x00000000fa400000)
  from space 46080K, 62% used [0x00000000fa400000,0x00000000fc028978,0x00000000fd100000)
  to   space 46592K, 0% used [0x00000000fd280000,0x00000000fd280000,0x0000000100000000)
 ParOldGen       total 524288K, used 84953K [0x00000000d0000000, 0x00000000f0000000, 0x00000000f0000000)
  object space 524288K, 16% used [0x00000000d0000000,0x00000000d52f6740,0x00000000f0000000)
 Metaspace       used 67927K, capacity 71056K, committed 71296K, reserved 1110016K
  class space    used 8752K, capacity 9740K, committed 9856K, reserved 1048576K
Event: 254,117 GC heap after
Heap after GC invocations=29 (full 3):
 PSYoungGen      total 214528K, used 29634K [0x00000000f0000000, 0x0000000100000000, 0x0000000100000000)
  eden space 167936K, 0% used [0x00000000f0000000,0x00000000f0000000,0x00000000fa400000)
  from space 46592K, 63% used [0x00000000fd280000,0x00000000fef70b88,0x0000000100000000)
  to   space 47104K, 0% used [0x00000000fa400000,0x00000000fa400000,0x00000000fd200000)
 ParOldGen       total 524288K, used 84961K [0x00000000d0000000, 0x00000000f0000000, 0x00000000f0000000)
  object space 524288K, 16% used [0x00000000d0000000,0x00000000d52f8740,0x00000000f0000000)
 Metaspace       used 67927K, capacity 71056K, committed 71296K, reserved 1110016K
  class space    used 8752K, capacity 9740K, committed 9856K, reserved 1048576K
}
Event: 368,734 GC heap before
{Heap before GC invocations=30 (full 3):
 PSYoungGen      total 214528K, used 197570K [0x00000000f0000000, 0x0000000100000000, 0x0000000100000000)
  eden space 167936K, 100% used [0x00000000f0000000,0x00000000fa400000,0x00000000fa400000)
  from space 46592K, 63% used [0x00000000fd280000,0x00000000fef70b88,0x0000000100000000)
  to   space 47104K, 0% used [0x00000000fa400000,0x00000000fa400000,0x00000000fd200000)
 ParOldGen       total 524288K, used 84961K [0x00000000d0000000, 0x00000000f0000000, 0x00000000f0000000)
  object space 524288K, 16% used [0x00000000d0000000,0x00000000d52f8740,0x00000000f0000000)
 Metaspace       used 68687K, capacity 72080K, committed 72192K, reserved 1112064K
  class space    used 8892K, capacity 9939K, committed 9984K, reserved 1048576K
Event: 368,767 GC heap after
Heap after GC invocations=30 (full 3):
 PSYoungGen      total 199680K, used 31538K [0x00000000f0000000, 0x0000000100000000, 0x0000000100000000)
  eden space 167936K, 0% used [0x00000000f0000000,0x00000000f0000000,0x00000000fa400000)
  from space 31744K, 99% used [0x00000000fa400000,0x00000000fc2ccba0,0x00000000fc300000)
  to   space 48640K, 0% used [0x00000000fd080000,0x00000000fd080000,0x0000000100000000)
 ParOldGen       total 524288K, used 84969K [0x00000000d0000000, 0x00000000f0000000, 0x00000000f0000000)
  object space 524288K, 16% used [0x00000000d0000000,0x00000000d52fa740,0x00000000f0000000)
 Metaspace       used 68687K, capacity 72080K, committed 72192K, reserved 1112064K
  class space    used 8892K, capacity 9939K, committed 9984K, reserved 1048576K
}
Event: 369,806 GC heap before
{Heap before GC invocations=31 (full 3):
 PSYoungGen      total 199680K, used 199474K [0x00000000f0000000, 0x0000000100000000, 0x0000000100000000)
  eden space 167936K, 100% used [0x00000000f0000000,0x00000000fa400000,0x00000000fa400000)
  from space 31744K, 99% used [0x00000000fa400000,0x00000000fc2ccba0,0x00000000fc300000)
  to   space 48640K, 0% used [0x00000000fd080000,0x00000000fd080000,0x0000000100000000)
 ParOldGen       total 524288K, used 84969K [0x00000000d0000000, 0x00000000f0000000, 0x00000000f0000000)
  object space 524288K, 16% used [0x00000000d0000000,0x00000000d52fa740,0x00000000f0000000)
 Metaspace       used 68893K, capacity 72444K, committed 72576K, reserved 1112064K
  class space    used 8949K, capacity 10048K, committed 10112K, reserved 1048576K
Event: 369,828 GC heap after
Heap after GC invocations=31 (full 3):
 PSYoungGen      total 211456K, used 32489K [0x00000000f0000000, 0x0000000100000000, 0x0000000100000000)
  eden space 162816K, 0% used [0x00000000f0000000,0x00000000f0000000,0x00000000f9f00000)
  from space 48640K, 66% used [0x00000000fd080000,0x00000000ff03a440,0x0000000100000000)
  to   space 49664K, 0% used [0x00000000f9f00000,0x00000000f9f00000,0x00000000fcf80000)
 ParOldGen       total 524288K, used 84977K [0x00000000d0000000, 0x00000000f0000000, 0x00000000f0000000)
  object space 524288K, 16% used [0x00000000d0000000,0x00000000d52fc740,0x00000000f0000000)
 Metaspace       used 68893K, capacity 72444K, committed 72576K, reserved 1112064K
  class space    used 8949K, capacity 10048K, committed 10112K, reserved 1048576K
}
Event: 456,574 GC heap before
{Heap before GC invocations=32 (full 3):
 PSYoungGen      total 211456K, used 195305K [0x00000000f0000000, 0x0000000100000000, 0x0000000100000000)
  eden space 162816K, 100% used [0x00000000f0000000,0x00000000f9f00000,0x00000000f9f00000)
  from space 48640K, 66% used [0x00000000fd080000,0x00000000ff03a440,0x0000000100000000)
  to   space 49664K, 0% used [0x00000000f9f00000,0x00000000f9f00000,0x00000000fcf80000)
 ParOldGen       total 524288K, used 84977K [0x00000000d0000000, 0x00000000f0000000, 0x00000000f0000000)
  object space 524288K, 16% used [0x00000000d0000000,0x00000000d52fc740,0x00000000f0000000)
 Metaspace       used 69106K, capacity 72758K, committed 72832K, reserved 1112064K
  class space    used 8964K, capacity 10086K, committed 10112K, reserved 1048576K
Event: 456,596 GC heap after
Heap after GC invocations=32 (full 3):
 PSYoungGen      total 198144K, used 35078K [0x00000000f0000000, 0x0000000100000000, 0x0000000100000000)
  eden space 162816K, 0% used [0x00000000f0000000,0x00000000f0000000,0x00000000f9f00000)
  from space 35328K, 99% used [0x00000000f9f00000,0x00000000fc141860,0x00000000fc180000)
  to   space 51200K, 0% used [0x00000000fce00000,0x00000000fce00000,0x0000000100000000)
 ParOldGen       total 524288K, used 84985K [0x00000000d0000000, 0x00000000f0000000, 0x00000000f0000000)
  object space 524288K, 16% used [0x00000000d0000000,0x00000000d52fe740,0x00000000f0000000)
 Metaspace       used 69106K, capacity 72758K, committed 72832K, reserved 1112064K
  class space    used 8964K, capacity 10086K, committed 10112K, reserved 1048576K
}

