# JRE version: Java(TM) SE Runtime Environment (8.0_211-b12) (build 1.8.0_211-b12)
# Java VM: Java HotSpot(TM) 64-Bit Server VM (25.211-b12 mixed mode linux-amd64 compressed oops)
Heap:
 PSYoungGen      total 206336K, used 152337K [0x00000000f0000000, 0x0000000100000000, 0x0000000100000000)
  eden space 178176K, 69% used [0x00000000f0000000,0x00000000f797b2b8,0x00000000fae00000)
  from space 28160K, 99% used [0x00000000fae00000,0x00000000fc9493c8,0x00000000fc980000)
  to   space 42496K, 0% used [0x00000000fd680000,0x00000000fd680000,0x0000000100000000)
 ParOldGen       total 524288K, used 82448K [0x00000000d0000000, 0x00000000f0000000, 0x00000000f0000000)
  object space 524288K, 15% used [0x00000000d0000000,0x00000000d50841c8,0x00000000f0000000)
 Metaspace       used 68875K, capacity 71972K, committed 72192K, reserved 1112064K
  class space    used 8747K, capacity 9644K, committed 9728K, reserved 1048576K
GC Heap History (10 events):
Event: 1403,872 GC heap before
{Heap before GC invocations=28 (full 3):
 PSYoungGen      total 216064K, used 186642K [0x00000000f0000000, 0x0000000100000000, 0x0000000100000000)
  eden space 167424K, 100% used [0x00000000f0000000,0x00000000fa380000,0x00000000fa380000)
  from space 48640K, 39% used [0x00000000fd080000,0x00000000fe344a88,0x0000000100000000)
  to   space 46080K, 0% used [0x00000000fa380000,0x00000000fa380000,0x00000000fd080000)
 ParOldGen       total 524288K, used 82408K [0x00000000d0000000, 0x00000000f0000000, 0x00000000f0000000)
  object space 524288K, 15% used [0x00000000d0000000,0x00000000d507a1c8,0x00000000f0000000)
 Metaspace       used 65894K, capacity 68174K, committed 68480K, reserved 1107968K
  class space    used 8466K, capacity 9256K, committed 9344K, reserved 1048576K
Event: 1403,887 GC heap after
Heap after GC invocations=28 (full 3):
 PSYoungGen      total 213504K, used 17292K [0x00000000f0000000, 0x0000000100000000, 0x0000000100000000)
  eden space 167424K, 0% used [0x00000000f0000000,0x00000000f0000000,0x00000000fa380000)
  from space 46080K, 37% used [0x00000000fa380000,0x00000000fb463258,0x00000000fd080000)
  to   space 44032K, 0% used [0x00000000fd500000,0x00000000fd500000,0x0000000100000000)
 ParOldGen       total 524288K, used 82416K [0x00000000d0000000, 0x00000000f0000000, 0x00000000f0000000)
  object space 524288K, 15% used [0x00000000d0000000,0x00000000d507c1c8,0x00000000f0000000)
 Metaspace       used 65894K, capacity 68174K, committed 68480K, reserved 1107968K
  class space    used 8466K, capacity 9256K, committed 9344K, reserved 1048576K
}
Event: 2310,638 GC heap before
{Heap before GC invocations=29 (full 3):
 PSYoungGen      total 213504K, used 184716K [0x00000000f0000000, 0x0000000100000000, 0x0000000100000000)
  eden space 167424K, 100% used [0x00000000f0000000,0x00000000fa380000,0x00000000fa380000)
  from space 46080K, 37% used [0x00000000fa380000,0x00000000fb463258,0x00000000fd080000)
  to   space 44032K, 0% used [0x00000000fd500000,0x00000000fd500000,0x0000000100000000)
 ParOldGen       total 524288K, used 82416K [0x00000000d0000000, 0x00000000f0000000, 0x00000000f0000000)
  object space 524288K, 15% used [0x00000000d0000000,0x00000000d507c1c8,0x00000000f0000000)
 Metaspace       used 66489K, capacity 69034K, committed 69376K, reserved 1110016K
  class space    used 8537K, capacity 9357K, committed 9472K, reserved 1048576K
Event: 2310,663 GC heap after
Heap after GC invocations=29 (full 3):
 PSYoungGen      total 220672K, used 18842K [0x00000000f0000000, 0x0000000100000000, 0x0000000100000000)
  eden space 176640K, 0% used [0x00000000f0000000,0x00000000f0000000,0x00000000fac80000)
  from space 44032K, 42% used [0x00000000fd500000,0x00000000fe766b30,0x0000000100000000)
  to   space 41472K, 0% used [0x00000000fac80000,0x00000000fac80000,0x00000000fd500000)
 ParOldGen       total 524288K, used 82424K [0x00000000d0000000, 0x00000000f0000000, 0x00000000f0000000)
  object space 524288K, 15% used [0x00000000d0000000,0x00000000d507e1c8,0x00000000f0000000)
 Metaspace       used 66489K, capacity 69034K, committed 69376K, reserved 1110016K
  class space    used 8537K, capacity 9357K, committed 9472K, reserved 1048576K
}
Event: 3157,603 GC heap before
{Heap before GC invocations=30 (full 3):
 PSYoungGen      total 220672K, used 195482K [0x00000000f0000000, 0x0000000100000000, 0x0000000100000000)
  eden space 176640K, 100% used [0x00000000f0000000,0x00000000fac80000,0x00000000fac80000)
  from space 44032K, 42% used [0x00000000fd500000,0x00000000fe766b30,0x0000000100000000)
  to   space 41472K, 0% used [0x00000000fac80000,0x00000000fac80000,0x00000000fd500000)
 ParOldGen       total 524288K, used 82424K [0x00000000d0000000, 0x00000000f0000000, 0x00000000f0000000)
  object space 524288K, 15% used [0x00000000d0000000,0x00000000d507e1c8,0x00000000f0000000)
 Metaspace       used 67259K, capacity 69944K, committed 70144K, reserved 1110016K
  class space    used 8614K, capacity 9422K, committed 9472K, reserved 1048576K
Event: 3157,630 GC heap after
Heap after GC invocations=30 (full 3):
 PSYoungGen      total 218112K, used 26845K [0x00000000f0000000, 0x0000000100000000, 0x0000000100000000)
  eden space 176640K, 0% used [0x00000000f0000000,0x00000000f0000000,0x00000000fac80000)
  from space 41472K, 64% used [0x00000000fac80000,0x00000000fc6b74b8,0x00000000fd500000)
  to   space 41984K, 0% used [0x00000000fd700000,0x00000000fd700000,0x0000000100000000)
 ParOldGen       total 524288K, used 82432K [0x00000000d0000000, 0x00000000f0000000, 0x00000000f0000000)
  object space 524288K, 15% used [0x00000000d0000000,0x00000000d50801c8,0x00000000f0000000)
 Metaspace       used 67259K, capacity 69944K, committed 70144K, reserved 1110016K
  class space    used 8614K, capacity 9422K, committed 9472K, reserved 1048576K
}
Event: 3204,460 GC heap before
{Heap before GC invocations=31 (full 3):
 PSYoungGen      total 218112K, used 203485K [0x00000000f0000000, 0x0000000100000000, 0x0000000100000000)
  eden space 176640K, 100% used [0x00000000f0000000,0x00000000fac80000,0x00000000fac80000)
  from space 41472K, 64% used [0x00000000fac80000,0x00000000fc6b74b8,0x00000000fd500000)
  to   space 41984K, 0% used [0x00000000fd700000,0x00000000fd700000,0x0000000100000000)
 ParOldGen       total 524288K, used 82432K [0x00000000d0000000, 0x00000000f0000000, 0x00000000f0000000)
  object space 524288K, 15% used [0x00000000d0000000,0x00000000d50801c8,0x00000000f0000000)
 Metaspace       used 67795K, capacity 70520K, committed 70784K, reserved 1110016K
  class space    used 8661K, capacity 9514K, committed 9600K, reserved 1048576K
Event: 3204,478 GC heap after
Heap after GC invocations=31 (full 3):
 PSYoungGen      total 220160K, used 25914K [0x00000000f0000000, 0x0000000100000000, 0x0000000100000000)
  eden space 178176K, 0% used [0x00000000f0000000,0x00000000f0000000,0x00000000fae00000)
  from space 41984K, 61% used [0x00000000fd700000,0x00000000ff04ea08,0x0000000100000000)
  to   space 41984K, 0% used [0x00000000fae00000,0x00000000fae00000,0x00000000fd700000)
 ParOldGen       total 524288K, used 82440K [0x00000000d0000000, 0x00000000f0000000, 0x00000000f0000000)
  object space 524288K, 15% used [0x00000000d0000000,0x00000000d50821c8,0x00000000f0000000)
 Metaspace       used 67795K, capacity 70520K, committed 70784K, reserved 1110016K
  class space    used 8661K, capacity 9514K, committed 9600K, reserved 1048576K
}
Event: 3609,917 GC heap before
{Heap before GC invocations=32 (full 3):
 PSYoungGen      total 220160K, used 204090K [0x00000000f0000000, 0x0000000100000000, 0x0000000100000000)
  eden space 178176K, 100% used [0x00000000f0000000,0x00000000fae00000,0x00000000fae00000)
  from space 41984K, 61% used [0x00000000fd700000,0x00000000ff04ea08,0x0000000100000000)
  to   space 41984K, 0% used [0x00000000fae00000,0x00000000fae00000,0x00000000fd700000)
 ParOldGen       total 524288K, used 82440K [0x00000000d0000000, 0x00000000f0000000, 0x00000000f0000000)
  object space 524288K, 15% used [0x00000000d0000000,0x00000000d50821c8,0x00000000f0000000)
 Metaspace       used 68340K, capacity 71324K, committed 71552K, reserved 1112064K
  class space    used 8711K, capacity 9583K, committed 9600K, reserved 1048576K
Event: 3609,962 GC heap after
Heap after GC invocations=32 (full 3):
 PSYoungGen      total 206336K, used 27940K [0x00000000f0000000, 0x0000000100000000, 0x0000000100000000)
  eden space 178176K, 0% used [0x00000000f0000000,0x00000000f0000000,0x00000000fae00000)
  from space 28160K, 99% used [0x00000000fae00000,0x00000000fc9493c8,0x00000000fc980000)
  to   space 42496K, 0% used [0x00000000fd680000,0x00000000fd680000,0x0000000100000000)
 ParOldGen       total 524288K, used 82448K [0x00000000d0000000, 0x00000000f0000000, 0x00000000f0000000)
  object space 524288K, 15% used [0x00000000d0000000,0x00000000d50841c8,0x00000000f0000000)
 Metaspace       used 68340K, capacity 71324K, committed 71552K, reserved 1112064K
  class space    used 8711K, capacity 9583K, committed 9600K, reserved 1048576K
}

